# JRE version: Java(TM) SE Runtime Environment (8.0_201-b09) (build 1.8.0_201-b09)
# Java VM: Java HotSpot(TM) 64-Bit Server VM (25.201-b09 mixed mode windows-amd64 )
Heap:
 PSYoungGen      total 4972544K, used 291155K [0x0000000b2ab00000, 0x0000000c5df80000, 0x0000001080000000)
  eden space 4910592K, 5% used [0x0000000b2ab00000,0x0000000b3c754e18,0x0000000c56680000)
  from space 61952K, 0% used [0x0000000c56680000,0x0000000c56680000,0x0000000c5a300000)
  to   space 13312K, 0% used [0x0000000c5a680000,0x0000000c5a680000,0x0000000c5b380000)
 ParOldGen       total 956928K, used 956923K [0x0000000080000000, 0x00000000ba680000, 0x0000000b2ab00000)
  object space 956928K, 99% used [0x0000000080000000,0x00000000ba67ef90,0x00000000ba680000)
 Metaspace       used 14524K, capacity 14919K, committed 15104K, reserved 16384K
GC Heap History (10 events):
Event: 170.048 GC heap before
{Heap before GC invocations=44 (full 3):
 PSYoungGen      total 4972544K, used 4910592K [0x0000000b2ab00000, 0x0000000c5df80000, 0x0000001080000000)
  eden space 4910592K, 100% used [0x0000000b2ab00000,0x0000000c56680000,0x0000000c56680000)
  from space 61952K, 0% used [0x0000000c56680000,0x0000000c56680000,0x0000000c5a300000)
  to   space 13312K, 0% used [0x0000000c5a680000,0x0000000c5a680000,0x0000000c5b380000)
 ParOldGen       total 956928K, used 915634K [0x0000000080000000, 0x00000000ba680000, 0x0000000b2ab00000)
  object space 956928K, 95% used [0x0000000080000000,0x00000000b7e2cb60,0x00000000ba680000)
 Metaspace       used 14461K, capacity 14855K, committed 15104K, reserved 16384K
Event: 171.572 GC heap after
Heap after GC invocations=44 (full 3):
 PSYoungGen      total 4972544K, used 8520K [0x0000000b2ab00000, 0x0000000c5df80000, 0x0000001080000000)
  eden space 4910592K, 0% used [0x0000000b2ab00000,0x0000000b2b352250,0x0000000c56680000)
  from space 61952K, 0% used [0x0000000c56680000,0x0000000c56680000,0x0000000c5a300000)
  to   space 13312K, 0% used [0x0000000c5a680000,0x0000000c5a680000,0x0000000c5b380000)
 ParOldGen       total 956928K, used 956923K [0x0000000080000000, 0x00000000ba680000, 0x0000000b2ab00000)
  object space 956928K, 99% used [0x0000000080000000,0x00000000ba67ef90,0x00000000ba680000)
 Metaspace       used 14461K, capacity 14855K, committed 15104K, reserved 16384K
}
Event: 186.065 GC heap before
{Heap before GC invocations=45 (full 4):
 PSYoungGen      total 4972544K, used 4910592K [0x0000000b2ab00000, 0x0000000c5df80000, 0x0000001080000000)
  eden space 4910592K, 100% used [0x0000000b2ab00000,0x0000000c56680000,0x0000000c56680000)
  from space 61952K, 0% used [0x0000000c56680000,0x0000000c56680000,0x0000000c5a300000)
  to   space 13312K, 0% used [0x0000000c5a680000,0x0000000c5a680000,0x0000000c5b380000)
 ParOldGen       total 956928K, used 956923K [0x0000000080000000, 0x00000000ba680000, 0x0000000b2ab00000)
  object space 956928K, 99% used [0x0000000080000000,0x00000000ba67ef90,0x00000000ba680000)
 Metaspace       used 14461K, capacity 14855K, committed 15104K, reserved 16384K
Event: 187.227 GC heap after
Heap after GC invocations=45 (full 4):
 PSYoungGen      total 4972544K, used 55414K [0x0000000b2ab00000, 0x0000000c5df80000, 0x0000001080000000)
  eden space 4910592K, 1% used [0x0000000b2ab00000,0x0000000b2e11db68,0x0000000c56680000)
  from space 61952K, 0% used [0x0000000c56680000,0x0000000c56680000,0x0000000c5a300000)
  to   space 13312K, 0% used [0x0000000c5a680000,0x0000000c5a680000,0x0000000c5b380000)
 ParOldGen       total 956928K, used 956923K [0x0000000080000000, 0x00000000ba680000, 0x0000000b2ab00000)
  object space 956928K, 99% used [0x0000000080000000,0x00000000ba67ef90,0x00000000ba680000)
 Metaspace       used 14461K, capacity 14855K, committed 15104K, reserved 16384K
}
Event: 199.557 GC heap before
{Heap before GC invocations=46 (full 5):
 PSYoungGen      total 4972544K, used 4910592K [0x0000000b2ab00000, 0x0000000c5df80000, 0x0000001080000000)
  eden space 4910592K, 100% used [0x0000000b2ab00000,0x0000000c56680000,0x0000000c56680000)
  from space 61952K, 0% used [0x0000000c56680000,0x0000000c56680000,0x0000000c5a300000)
  to   space 13312K, 0% used [0x0000000c5a680000,0x0000000c5a680000,0x0000000c5b380000)
 ParOldGen       total 956928K, used 956923K [0x0000000080000000, 0x00000000ba680000, 0x0000000b2ab00000)
  object space 956928K, 99% used [0x0000000080000000,0x00000000ba67ef90,0x00000000ba680000)
 Metaspace       used 14461K, capacity 14855K, committed 15104K, reserved 16384K
Event: 200.387 GC heap after
Heap after GC invocations=46 (full 5):
 PSYoungGen      total 4972544K, used 101847K [0x0000000b2ab00000, 0x0000000c5df80000, 0x0000001080000000)
  eden space 4910592K, 2% used [0x0000000b2ab00000,0x0000000b30e75ed8,0x0000000c56680000)
  from space 61952K, 0% used [0x0000000c56680000,0x0000000c56680000,0x0000000c5a300000)
  to   space 13312K, 0% used [0x0000000c5a680000,0x0000000c5a680000,0x0000000c5b380000)
 ParOldGen       total 956928K, used 956923K [0x0000000080000000, 0x00000000ba680000, 0x0000000b2ab00000)
  object space 956928K, 99% used [0x0000000080000000,0x00000000ba67ef90,0x00000000ba680000)
 Metaspace       used 14461K, capacity 14855K, committed 15104K, reserved 16384K
}
Event: 212.270 GC heap before
{Heap before GC invocations=47 (full 6):
 PSYoungGen      total 4972544K, used 4910592K [0x0000000b2ab00000, 0x0000000c5df80000, 0x0000001080000000)
  eden space 4910592K, 100% used [0x0000000b2ab00000,0x0000000c56680000,0x0000000c56680000)
  from space 61952K, 0% used [0x0000000c56680000,0x0000000c56680000,0x0000000c5a300000)
  to   space 13312K, 0% used [0x0000000c5a680000,0x0000000c5a680000,0x0000000c5b380000)
 ParOldGen       total 956928K, used 956923K [0x0000000080000000, 0x00000000ba680000, 0x0000000b2ab00000)
  object space 956928K, 99% used [0x0000000080000000,0x00000000ba67ef90,0x00000000ba680000)
 Metaspace       used 14461K, capacity 14855K, committed 15104K, reserved 16384K
Event: 213.158 GC heap after
Heap after GC invocations=47 (full 6):
 PSYoungGen      total 4972544K, used 147807K [0x0000000b2ab00000, 0x0000000c5df80000, 0x0000001080000000)
  eden space 4910592K, 3% used [0x0000000b2ab00000,0x0000000b33b57f08,0x0000000c56680000)
  from space 61952K, 0% used [0x0000000c56680000,0x0000000c56680000,0x0000000c5a300000)
  to   space 13312K, 0% used [0x0000000c5a680000,0x0000000c5a680000,0x0000000c5b380000)
 ParOldGen       total 956928K, used 956923K [0x0000000080000000, 0x00000000ba680000, 0x0000000b2ab00000)
  object space 956928K, 99% used [0x0000000080000000,0x00000000ba67ef90,0x00000000ba680000)
 Metaspace       used 14461K, capacity 14855K, committed 15104K, reserved 16384K
}
Event: 225.436 GC heap before
{Heap before GC invocations=48 (full 7):
 PSYoungGen      total 4972544K, used 4910592K [0x0000000b2ab00000, 0x0000000c5df80000, 0x0000001080000000)
  eden space 4910592K, 100% used [0x0000000b2ab00000,0x0000000c56680000,0x0000000c56680000)
  from space 61952K, 0% used [0x0000000c56680000,0x0000000c56680000,0x0000000c5a300000)
  to   space 13312K, 0% used [0x0000000c5a680000,0x0000000c5a680000,0x0000000c5b380000)
 ParOldGen       total 956928K, used 956923K [0x0000000080000000, 0x00000000ba680000, 0x0000000b2ab00000)
  object space 956928K, 99% used [0x0000000080000000,0x00000000ba67ef90,0x00000000ba680000)
 Metaspace       used 14522K, capacity 14919K, committed 15104K, reserved 16384K
Event: 226.193 GC heap after
Heap after GC invocations=48 (full 7):
 PSYoungGen      total 4972544K, used 195342K [0x0000000b2ab00000, 0x0000000c5df80000, 0x0000001080000000)
  eden space 4910592K, 3% used [0x0000000b2ab00000,0x0000000b369c3a78,0x0000000c56680000)
  from space 61952K, 0% used [0x0000000c56680000,0x0000000c56680000,0x0000000c5a300000)
  to   space 13312K, 0% used [0x0000000c5a680000,0x0000000c5a680000,0x0000000c5b380000)
 ParOldGen       total 956928K, used 956923K [0x0000000080000000, 0x00000000ba680000, 0x0000000b2ab00000)
  object space 956928K, 99% used [0x0000000080000000,0x00000000ba67ef90,0x00000000ba680000)
 Metaspace       used 14522K, capacity 14919K, committed 15104K, reserved 16384K
}

