# JRE version: Java(TM) SE Runtime Environment (8.0_201-b09) (build 1.8.0_201-b09)
# Java VM: Java HotSpot(TM) 64-Bit Server VM (25.201-b09 mixed mode windows-amd64 )
Heap:
 PSYoungGen      total 14880256K, used 11846452K [0x0000000b2ab00000, 0x000000104b100000, 0x0000001080000000)
  eden space 8291840K, 100% used [0x0000000b2ab00000,0x0000000d24c80000,0x0000000d24c80000)
  from space 6588416K, 53% used [0x0000000eb5200000,0x0000000f8e14d128,0x0000001047400000)
  to   space 6559232K, 68% used [0x0000000d24c80000,0x0000000e38f75230,0x0000000eb5200000)
 ParOldGen       total 28489216K, used 22666960K [0x0000000080000000, 0x000000074ad80000, 0x0000000b2ab00000)
  object space 28489216K, 79% used [0x0000000080000000,0x00000005e77b4270,0x000000074ad80000)
 Metaspace       used 12238K, capacity 12635K, committed 12800K, reserved 14336K
GC Heap History (10 events):
Event: 256.008 GC heap after
Heap after GC invocations=46 (full 10):
 PSYoungGen      total 14889472K, used 0K [0x0000000b2ab00000, 0x000000107e900000, 0x0000001080000000)
  eden space 7456768K, 0% used [0x0000000b2ab00000,0x0000000b2ab00000,0x0000000cf1d00000)
  from space 7432704K, 0% used [0x0000000eb8e80000,0x0000000eb8e80000,0x000000107e900000)
  to   space 7444480K, 0% used [0x0000000cf1d00000,0x0000000cf1d00000,0x0000000eb8300000)
 ParOldGen       total 28489216K, used 22666960K [0x0000000080000000, 0x000000074ad80000, 0x0000000b2ab00000)
  object space 28489216K, 79% used [0x0000000080000000,0x00000005e77b4270,0x000000074ad80000)
 Metaspace       used 12209K, capacity 12635K, committed 12800K, reserved 14336K
}
Event: 261.649 GC heap before
{Heap before GC invocations=47 (full 10):
 PSYoungGen      total 14889472K, used 7456768K [0x0000000b2ab00000, 0x000000107e900000, 0x0000001080000000)
  eden space 7456768K, 100% used [0x0000000b2ab00000,0x0000000cf1d00000,0x0000000cf1d00000)
  from space 7432704K, 0% used [0x0000000eb8e80000,0x0000000eb8e80000,0x000000107e900000)
  to   space 7444480K, 0% used [0x0000000cf1d00000,0x0000000cf1d00000,0x0000000eb8300000)
 ParOldGen       total 28489216K, used 22666960K [0x0000000080000000, 0x000000074ad80000, 0x0000000b2ab00000)
  object space 28489216K, 79% used [0x0000000080000000,0x00000005e77b4270,0x000000074ad80000)
 Metaspace       used 12211K, capacity 12635K, committed 12800K, reserved 14336K
Event: 262.225 GC heap after
Heap after GC invocations=47 (full 10):
 PSYoungGen      total 8328192K, used 871252K [0x0000000b2ab00000, 0x0000001070680000, 0x0000001080000000)
  eden space 7456768K, 0% used [0x0000000b2ab00000,0x0000000b2ab00000,0x0000000cf1d00000)
  from space 871424K, 99% used [0x0000000cf1d00000,0x0000000d26fd5240,0x0000000d27000000)
  to   space 7310848K, 0% used [0x0000000eb2300000,0x0000000eb2300000,0x0000001070680000)
 ParOldGen       total 28489216K, used 22666960K [0x0000000080000000, 0x000000074ad80000, 0x0000000b2ab00000)
  object space 28489216K, 79% used [0x0000000080000000,0x00000005e77b4270,0x000000074ad80000)
 Metaspace       used 12211K, capacity 12635K, committed 12800K, reserved 14336K
}
Event: 267.825 GC heap before
{Heap before GC invocations=48 (full 10):
 PSYoungGen      total 8328192K, used 8328020K [0x0000000b2ab00000, 0x0000001070680000, 0x0000001080000000)
  eden space 7456768K, 100% used [0x0000000b2ab00000,0x0000000cf1d00000,0x0000000cf1d00000)
  from space 871424K, 99% used [0x0000000cf1d00000,0x0000000d26fd5240,0x0000000d27000000)
  to   space 7310848K, 0% used [0x0000000eb2300000,0x0000000eb2300000,0x0000001070680000)
 ParOldGen       total 28489216K, used 22666960K [0x0000000080000000, 0x000000074ad80000, 0x0000000b2ab00000)
  object space 28489216K, 79% used [0x0000000080000000,0x00000005e77b4270,0x000000074ad80000)
 Metaspace       used 12237K, capacity 12635K, committed 12800K, reserved 14336K
Event: 268.659 GC heap after
Heap after GC invocations=48 (full 10):
 PSYoungGen      total 14923776K, used 1727572K [0x0000000b2ab00000, 0x0000001064600000, 0x0000001080000000)
  eden space 7810048K, 0% used [0x0000000b2ab00000,0x0000000b2ab00000,0x0000000d07600000)
  from space 7113728K, 24% used [0x0000000eb2300000,0x0000000f1ba150e8,0x0000001064600000)
  to   space 6992896K, 0% used [0x0000000d07600000,0x0000000d07600000,0x0000000eb2300000)
 ParOldGen       total 28489216K, used 22666960K [0x0000000080000000, 0x000000074ad80000, 0x0000000b2ab00000)
  object space 28489216K, 79% used [0x0000000080000000,0x00000005e77b4270,0x000000074ad80000)
 Metaspace       used 12237K, capacity 12635K, committed 12800K, reserved 14336K
}
Event: 274.495 GC heap before
{Heap before GC invocations=49 (full 10):
 PSYoungGen      total 14923776K, used 9537620K [0x0000000b2ab00000, 0x0000001064600000, 0x0000001080000000)
  eden space 7810048K, 100% used [0x0000000b2ab00000,0x0000000d07600000,0x0000000d07600000)
  from space 7113728K, 24% used [0x0000000eb2300000,0x0000000f1ba150e8,0x0000001064600000)
  to   space 6992896K, 0% used [0x0000000d07600000,0x0000000d07600000,0x0000000eb2300000)
 ParOldGen       total 28489216K, used 22666960K [0x0000000080000000, 0x000000074ad80000, 0x0000000b2ab00000)
  object space 28489216K, 79% used [0x0000000080000000,0x00000005e77b4270,0x000000074ad80000)
 Metaspace       used 12238K, capacity 12635K, committed 12800K, reserved 14336K
Event: 275.610 GC heap after
Heap after GC invocations=49 (full 10):
 PSYoungGen      total 14802944K, used 2641704K [0x0000000b2ab00000, 0x0000001047400000, 0x0000001080000000)
  eden space 7810048K, 0% used [0x0000000b2ab00000,0x0000000b2ab00000,0x0000000d07600000)
  from space 6992896K, 37% used [0x0000000d07600000,0x0000000da89ca208,0x0000000eb2300000)
  to   space 6588416K, 0% used [0x0000000eb5200000,0x0000000eb5200000,0x0000001047400000)
 ParOldGen       total 28489216K, used 22666960K [0x0000000080000000, 0x000000074ad80000, 0x0000000b2ab00000)
  object space 28489216K, 79% used [0x0000000080000000,0x00000005e77b4270,0x000000074ad80000)
 Metaspace       used 12238K, capacity 12635K, committed 12800K, reserved 14336K
}
Event: 281.510 GC heap before
{Heap before GC invocations=50 (full 10):
 PSYoungGen      total 14802944K, used 10451752K [0x0000000b2ab00000, 0x0000001047400000, 0x0000001080000000)
  eden space 7810048K, 100% used [0x0000000b2ab00000,0x0000000d07600000,0x0000000d07600000)
  from space 6992896K, 37% used [0x0000000d07600000,0x0000000da89ca208,0x0000000eb2300000)
  to   space 6588416K, 0% used [0x0000000eb5200000,0x0000000eb5200000,0x0000001047400000)
 ParOldGen       total 28489216K, used 22666960K [0x0000000080000000, 0x000000074ad80000, 0x0000000b2ab00000)
  object space 28489216K, 79% used [0x0000000080000000,0x00000005e77b4270,0x000000074ad80000)
 Metaspace       used 12238K, capacity 12635K, committed 12800K, reserved 14336K
Event: 282.903 GC heap after
Heap after GC invocations=50 (full 10):
 PSYoungGen      total 14880256K, used 3554612K [0x0000000b2ab00000, 0x000000104b100000, 0x0000001080000000)
  eden space 8291840K, 0% used [0x0000000b2ab00000,0x0000000b2ab00000,0x0000000d24c80000)
  from space 6588416K, 53% used [0x0000000eb5200000,0x0000000f8e14d128,0x0000001047400000)
  to   space 6559232K, 0% used [0x0000000d24c80000,0x0000000d24c80000,0x0000000eb5200000)
 ParOldGen       total 28489216K, used 22666960K [0x0000000080000000, 0x000000074ad80000, 0x0000000b2ab00000)
  object space 28489216K, 79% used [0x0000000080000000,0x00000005e77b4270,0x000000074ad80000)
 Metaspace       used 12238K, capacity 12635K, committed 12800K, reserved 14336K
}
Event: 289.051 GC heap before
{Heap before GC invocations=51 (full 10):
 PSYoungGen      total 14880256K, used 11846452K [0x0000000b2ab00000, 0x000000104b100000, 0x0000001080000000)
  eden space 8291840K, 100% used [0x0000000b2ab00000,0x0000000d24c80000,0x0000000d24c80000)
  from space 6588416K, 53% used [0x0000000eb5200000,0x0000000f8e14d128,0x0000001047400000)
  to   space 6559232K, 0% used [0x0000000d24c80000,0x0000000d24c80000,0x0000000eb5200000)
 ParOldGen       total 28489216K, used 22666960K [0x0000000080000000, 0x000000074ad80000, 0x0000000b2ab00000)
  object space 28489216K, 79% used [0x0000000080000000,0x00000005e77b4270,0x000000074ad80000)
 Metaspace       used 12238K, capacity 12635K, committed 12800K, reserved 14336K

