# JRE version: Java(TM) SE Runtime Environment (8.0_201-b09) (build 1.8.0_201-b09)
# Java VM: Java HotSpot(TM) 64-Bit Server VM (25.201-b09 mixed mode windows-amd64 )
Heap:
 PSYoungGen      total 17441280K, used 9572400K [0x0000000b2ab00000, 0x0000001080000000, 0x0000001080000000)
  eden space 12695552K, 75% used [0x0000000b2ab00000,0x0000000d72f0c0e8,0x0000000e31900000)
  from space 4745728K, 0% used [0x0000000f5e580000,0x0000000f5e580000,0x0000001080000000)
  to   space 4836864K, 0% used [0x0000000e31900000,0x0000000e31900000,0x0000000f58c80000)
 ParOldGen       total 10692608K, used 10692596K [0x0000000080000000, 0x000000030ca00000, 0x0000000b2ab00000)
  object space 10692608K, 99% used [0x0000000080000000,0x000000030c9fd190,0x000000030ca00000)
 Metaspace       used 14577K, capacity 14983K, committed 15104K, reserved 16384K
GC Heap History (10 events):
Event: 824.846 GC heap before
{Heap before GC invocations=135 (full 22):
 PSYoungGen      total 17441280K, used 12695552K [0x0000000b2ab00000, 0x0000001080000000, 0x0000001080000000)
  eden space 12695552K, 100% used [0x0000000b2ab00000,0x0000000e31900000,0x0000000e31900000)
  from space 4745728K, 0% used [0x0000000f5e580000,0x0000000f5e580000,0x0000001080000000)
  to   space 4836864K, 0% used [0x0000000e31900000,0x0000000e31900000,0x0000000f58c80000)
 ParOldGen       total 10692608K, used 10692596K [0x0000000080000000, 0x000000030ca00000, 0x0000000b2ab00000)
  object space 10692608K, 99% used [0x0000000080000000,0x000000030c9fd190,0x000000030ca00000)
 Metaspace       used 14435K, capacity 14855K, committed 15104K, reserved 16384K
Event: 825.151 GC heap after
Heap after GC invocations=135 (full 22):
 PSYoungGen      total 17441280K, used 6057347K [0x0000000b2ab00000, 0x0000001080000000, 0x0000001080000000)
  eden space 12695552K, 47% used [0x0000000b2ab00000,0x0000000c9c660ee0,0x0000000e31900000)
  from space 4745728K, 0% used [0x0000000f5e580000,0x0000000f5e580000,0x0000001080000000)
  to   space 4836864K, 0% used [0x0000000e31900000,0x0000000e31900000,0x0000000f58c80000)
 ParOldGen       total 10692608K, used 10692596K [0x0000000080000000, 0x000000030ca00000, 0x0000000b2ab00000)
  object space 10692608K, 99% used [0x0000000080000000,0x000000030c9fd190,0x000000030ca00000)
 Metaspace       used 14435K, capacity 14855K, committed 15104K, reserved 16384K
}
Event: 828.647 GC heap before
{Heap before GC invocations=136 (full 23):
 PSYoungGen      total 17441280K, used 12695552K [0x0000000b2ab00000, 0x0000001080000000, 0x0000001080000000)
  eden space 12695552K, 100% used [0x0000000b2ab00000,0x0000000e31900000,0x0000000e31900000)
  from space 4745728K, 0% used [0x0000000f5e580000,0x0000000f5e580000,0x0000001080000000)
  to   space 4836864K, 0% used [0x0000000e31900000,0x0000000e31900000,0x0000000f58c80000)
 ParOldGen       total 10692608K, used 10692596K [0x0000000080000000, 0x000000030ca00000, 0x0000000b2ab00000)
  object space 10692608K, 99% used [0x0000000080000000,0x000000030c9fd190,0x000000030ca00000)
 Metaspace       used 14435K, capacity 14855K, committed 15104K, reserved 16384K
Event: 828.941 GC heap after
Heap after GC invocations=136 (full 23):
 PSYoungGen      total 17441280K, used 6186613K [0x0000000b2ab00000, 0x0000001080000000, 0x0000001080000000)
  eden space 12695552K, 48% used [0x0000000b2ab00000,0x0000000ca449d6d8,0x0000000e31900000)
  from space 4745728K, 0% used [0x0000000f5e580000,0x0000000f5e580000,0x0000001080000000)
  to   space 4836864K, 0% used [0x0000000e31900000,0x0000000e31900000,0x0000000f58c80000)
 ParOldGen       total 10692608K, used 10692596K [0x0000000080000000, 0x000000030ca00000, 0x0000000b2ab00000)
  object space 10692608K, 99% used [0x0000000080000000,0x000000030c9fd190,0x000000030ca00000)
 Metaspace       used 14435K, capacity 14855K, committed 15104K, reserved 16384K
}
Event: 832.235 GC heap before
{Heap before GC invocations=137 (full 24):
 PSYoungGen      total 17441280K, used 12695552K [0x0000000b2ab00000, 0x0000001080000000, 0x0000001080000000)
  eden space 12695552K, 100% used [0x0000000b2ab00000,0x0000000e31900000,0x0000000e31900000)
  from space 4745728K, 0% used [0x0000000f5e580000,0x0000000f5e580000,0x0000001080000000)
  to   space 4836864K, 0% used [0x0000000e31900000,0x0000000e31900000,0x0000000f58c80000)
 ParOldGen       total 10692608K, used 10692596K [0x0000000080000000, 0x000000030ca00000, 0x0000000b2ab00000)
  object space 10692608K, 99% used [0x0000000080000000,0x000000030c9fd190,0x000000030ca00000)
 Metaspace       used 14435K, capacity 14855K, committed 15104K, reserved 16384K
Event: 832.541 GC heap after
Heap after GC invocations=137 (full 24):
 PSYoungGen      total 17441280K, used 6313467K [0x0000000b2ab00000, 0x0000001080000000, 0x0000001080000000)
  eden space 12695552K, 49% used [0x0000000b2ab00000,0x0000000cac07ee30,0x0000000e31900000)
  from space 4745728K, 0% used [0x0000000f5e580000,0x0000000f5e580000,0x0000001080000000)
  to   space 4836864K, 0% used [0x0000000e31900000,0x0000000e31900000,0x0000000f58c80000)
 ParOldGen       total 10692608K, used 10692596K [0x0000000080000000, 0x000000030ca00000, 0x0000000b2ab00000)
  object space 10692608K, 99% used [0x0000000080000000,0x000000030c9fd190,0x000000030ca00000)
 Metaspace       used 14435K, capacity 14855K, committed 15104K, reserved 16384K
}
Event: 835.884 GC heap before
{Heap before GC invocations=138 (full 25):
 PSYoungGen      total 17441280K, used 12695552K [0x0000000b2ab00000, 0x0000001080000000, 0x0000001080000000)
  eden space 12695552K, 100% used [0x0000000b2ab00000,0x0000000e31900000,0x0000000e31900000)
  from space 4745728K, 0% used [0x0000000f5e580000,0x0000000f5e580000,0x0000001080000000)
  to   space 4836864K, 0% used [0x0000000e31900000,0x0000000e31900000,0x0000000f58c80000)
 ParOldGen       total 10692608K, used 10692596K [0x0000000080000000, 0x000000030ca00000, 0x0000000b2ab00000)
  object space 10692608K, 99% used [0x0000000080000000,0x000000030c9fd190,0x000000030ca00000)
 Metaspace       used 14435K, capacity 14855K, committed 15104K, reserved 16384K
Event: 836.197 GC heap after
Heap after GC invocations=138 (full 25):
 PSYoungGen      total 17441280K, used 6438167K [0x0000000b2ab00000, 0x0000001080000000, 0x0000001080000000)
  eden space 12695552K, 50% used [0x0000000b2ab00000,0x0000000cb3a45d90,0x0000000e31900000)
  from space 4745728K, 0% used [0x0000000f5e580000,0x0000000f5e580000,0x0000001080000000)
  to   space 4836864K, 0% used [0x0000000e31900000,0x0000000e31900000,0x0000000f58c80000)
 ParOldGen       total 10692608K, used 10692596K [0x0000000080000000, 0x000000030ca00000, 0x0000000b2ab00000)
  object space 10692608K, 99% used [0x0000000080000000,0x000000030c9fd190,0x000000030ca00000)
 Metaspace       used 14435K, capacity 14855K, committed 15104K, reserved 16384K
}
Event: 839.747 GC heap before
{Heap before GC invocations=139 (full 26):
 PSYoungGen      total 17441280K, used 12695552K [0x0000000b2ab00000, 0x0000001080000000, 0x0000001080000000)
  eden space 12695552K, 100% used [0x0000000b2ab00000,0x0000000e31900000,0x0000000e31900000)
  from space 4745728K, 0% used [0x0000000f5e580000,0x0000000f5e580000,0x0000001080000000)
  to   space 4836864K, 0% used [0x0000000e31900000,0x0000000e31900000,0x0000000f58c80000)
 ParOldGen       total 10692608K, used 10692596K [0x0000000080000000, 0x000000030ca00000, 0x0000000b2ab00000)
  object space 10692608K, 99% used [0x0000000080000000,0x000000030c9fd190,0x000000030ca00000)
 Metaspace       used 14435K, capacity 14855K, committed 15104K, reserved 16384K
Event: 840.128 GC heap after
Heap after GC invocations=139 (full 26):
 PSYoungGen      total 17441280K, used 6560438K [0x0000000b2ab00000, 0x0000001080000000, 0x0000001080000000)
  eden space 12695552K, 51% used [0x0000000b2ab00000,0x0000000cbb1adb10,0x0000000e31900000)
  from space 4745728K, 0% used [0x0000000f5e580000,0x0000000f5e580000,0x0000001080000000)
  to   space 4836864K, 0% used [0x0000000e31900000,0x0000000e31900000,0x0000000f58c80000)
 ParOldGen       total 10692608K, used 10692596K [0x0000000080000000, 0x000000030ca00000, 0x0000000b2ab00000)
  object space 10692608K, 99% used [0x0000000080000000,0x000000030c9fd190,0x000000030ca00000)
 Metaspace       used 14435K, capacity 14855K, committed 15104K, reserved 16384K
}

