# JRE version: Java(TM) SE Runtime Environment (8.0_201-b09) (build 1.8.0_201-b09)
# Java VM: Java HotSpot(TM) 64-Bit Server VM (25.201-b09 mixed mode windows-amd64 )
Heap:
 PSYoungGen      total 4777472K, used 2771811K [0x0000000b2ab00000, 0x0000000c57c00000, 0x0000001080000000)
  eden space 4717568K, 58% used [0x0000000b2ab00000,0x0000000bd3dd8e20,0x0000000c4aa00000)
  from space 59904K, 0% used [0x0000000c50700000,0x0000000c50700000,0x0000000c54180000)
  to   space 45056K, 0% used [0x0000000c55000000,0x0000000c55000000,0x0000000c57c00000)
 ParOldGen       total 966656K, used 966655K [0x0000000080000000, 0x00000000bb000000, 0x0000000b2ab00000)
  object space 966656K, 99% used [0x0000000080000000,0x00000000bafffe20,0x00000000bb000000)
 Metaspace       used 14887K, capacity 15303K, committed 15616K, reserved 16384K
GC Heap History (10 events):
Event: 158.668 GC heap before
{Heap before GC invocations=37 (full 2):
 PSYoungGen      total 4777472K, used 55224K [0x0000000b2ab00000, 0x0000000c57c00000, 0x0000001080000000)
  eden space 4717568K, 0% used [0x0000000b2ab00000,0x0000000b2ab00000,0x0000000c4aa00000)
  from space 59904K, 92% used [0x0000000c50700000,0x0000000c53cee010,0x0000000c54180000)
  to   space 45056K, 0% used [0x0000000c55000000,0x0000000c55000000,0x0000000c57c00000)
 ParOldGen       total 966656K, used 916567K [0x0000000080000000, 0x00000000bb000000, 0x0000000b2ab00000)
  object space 966656K, 94% used [0x0000000080000000,0x00000000b7f15c90,0x00000000bb000000)
 Metaspace       used 14466K, capacity 14855K, committed 15104K, reserved 16384K
Event: 159.746 GC heap after
Heap after GC invocations=37 (full 2):
 PSYoungGen      total 4777472K, used 0K [0x0000000b2ab00000, 0x0000000c57c00000, 0x0000001080000000)
  eden space 4717568K, 0% used [0x0000000b2ab00000,0x0000000b2ab00000,0x0000000c4aa00000)
  from space 59904K, 0% used [0x0000000c50700000,0x0000000c50700000,0x0000000c54180000)
  to   space 45056K, 0% used [0x0000000c55000000,0x0000000c55000000,0x0000000c57c00000)
 ParOldGen       total 966656K, used 952603K [0x0000000080000000, 0x00000000bb000000, 0x0000000b2ab00000)
  object space 966656K, 98% used [0x0000000080000000,0x00000000ba246c50,0x00000000bb000000)
 Metaspace       used 14466K, capacity 14855K, committed 15104K, reserved 16384K
}
Event: 173.545 GC heap before
{Heap before GC invocations=38 (full 3):
 PSYoungGen      total 4777472K, used 4717568K [0x0000000b2ab00000, 0x0000000c57c00000, 0x0000001080000000)
  eden space 4717568K, 100% used [0x0000000b2ab00000,0x0000000c4aa00000,0x0000000c4aa00000)
  from space 59904K, 0% used [0x0000000c50700000,0x0000000c50700000,0x0000000c54180000)
  to   space 45056K, 0% used [0x0000000c55000000,0x0000000c55000000,0x0000000c57c00000)
 ParOldGen       total 966656K, used 952603K [0x0000000080000000, 0x00000000bb000000, 0x0000000b2ab00000)
  object space 966656K, 98% used [0x0000000080000000,0x00000000ba246c50,0x00000000bb000000)
 Metaspace       used 14466K, capacity 14855K, committed 15104K, reserved 16384K
Event: 175.246 GC heap after
Heap after GC invocations=38 (full 3):
 PSYoungGen      total 4777472K, used 31034K [0x0000000b2ab00000, 0x0000000c57c00000, 0x0000001080000000)
  eden space 4717568K, 0% used [0x0000000b2ab00000,0x0000000b2c94e9f0,0x0000000c4aa00000)
  from space 59904K, 0% used [0x0000000c50700000,0x0000000c50700000,0x0000000c54180000)
  to   space 45056K, 0% used [0x0000000c55000000,0x0000000c55000000,0x0000000c57c00000)
 ParOldGen       total 966656K, used 966655K [0x0000000080000000, 0x00000000bb000000, 0x0000000b2ab00000)
  object space 966656K, 99% used [0x0000000080000000,0x00000000bafffe20,0x00000000bb000000)
 Metaspace       used 14466K, capacity 14855K, committed 15104K, reserved 16384K
}
Event: 188.409 GC heap before
{Heap before GC invocations=39 (full 4):
 PSYoungGen      total 4777472K, used 4717568K [0x0000000b2ab00000, 0x0000000c57c00000, 0x0000001080000000)
  eden space 4717568K, 100% used [0x0000000b2ab00000,0x0000000c4aa00000,0x0000000c4aa00000)
  from space 59904K, 0% used [0x0000000c50700000,0x0000000c50700000,0x0000000c54180000)
  to   space 45056K, 0% used [0x0000000c55000000,0x0000000c55000000,0x0000000c57c00000)
 ParOldGen       total 966656K, used 966655K [0x0000000080000000, 0x00000000bb000000, 0x0000000b2ab00000)
  object space 966656K, 99% used [0x0000000080000000,0x00000000bafffe20,0x00000000bb000000)
 Metaspace       used 14466K, capacity 14855K, committed 15104K, reserved 16384K
Event: 189.250 GC heap after
Heap after GC invocations=39 (full 4):
 PSYoungGen      total 4777472K, used 75843K [0x0000000b2ab00000, 0x0000000c57c00000, 0x0000001080000000)
  eden space 4717568K, 1% used [0x0000000b2ab00000,0x0000000b2f510ff8,0x0000000c4aa00000)
  from space 59904K, 0% used [0x0000000c50700000,0x0000000c50700000,0x0000000c54180000)
  to   space 45056K, 0% used [0x0000000c55000000,0x0000000c55000000,0x0000000c57c00000)
 ParOldGen       total 966656K, used 966655K [0x0000000080000000, 0x00000000bb000000, 0x0000000b2ab00000)
  object space 966656K, 99% used [0x0000000080000000,0x00000000bafffe20,0x00000000bb000000)
 Metaspace       used 14466K, capacity 14855K, committed 15104K, reserved 16384K
}
Event: 201.972 GC heap before
{Heap before GC invocations=40 (full 5):
 PSYoungGen      total 4777472K, used 4717568K [0x0000000b2ab00000, 0x0000000c57c00000, 0x0000001080000000)
  eden space 4717568K, 100% used [0x0000000b2ab00000,0x0000000c4aa00000,0x0000000c4aa00000)
  from space 59904K, 0% used [0x0000000c50700000,0x0000000c50700000,0x0000000c54180000)
  to   space 45056K, 0% used [0x0000000c55000000,0x0000000c55000000,0x0000000c57c00000)
 ParOldGen       total 966656K, used 966655K [0x0000000080000000, 0x00000000bb000000, 0x0000000b2ab00000)
  object space 966656K, 99% used [0x0000000080000000,0x00000000bafffe20,0x00000000bb000000)
 Metaspace       used 14466K, capacity 14855K, committed 15104K, reserved 16384K
Event: 202.952 GC heap after
Heap after GC invocations=40 (full 5):
 PSYoungGen      total 4777472K, used 120261K [0x0000000b2ab00000, 0x0000000c57c00000, 0x0000001080000000)
  eden space 4717568K, 2% used [0x0000000b2ab00000,0x0000000b320716e0,0x0000000c4aa00000)
  from space 59904K, 0% used [0x0000000c50700000,0x0000000c50700000,0x0000000c54180000)
  to   space 45056K, 0% used [0x0000000c55000000,0x0000000c55000000,0x0000000c57c00000)
 ParOldGen       total 966656K, used 966655K [0x0000000080000000, 0x00000000bb000000, 0x0000000b2ab00000)
  object space 966656K, 99% used [0x0000000080000000,0x00000000bafffe20,0x00000000bb000000)
 Metaspace       used 14466K, capacity 14855K, committed 15104K, reserved 16384K
}
Event: 215.150 GC heap before
{Heap before GC invocations=41 (full 6):
 PSYoungGen      total 4777472K, used 4717568K [0x0000000b2ab00000, 0x0000000c57c00000, 0x0000001080000000)
  eden space 4717568K, 100% used [0x0000000b2ab00000,0x0000000c4aa00000,0x0000000c4aa00000)
  from space 59904K, 0% used [0x0000000c50700000,0x0000000c50700000,0x0000000c54180000)
  to   space 45056K, 0% used [0x0000000c55000000,0x0000000c55000000,0x0000000c57c00000)
 ParOldGen       total 966656K, used 966655K [0x0000000080000000, 0x00000000bb000000, 0x0000000b2ab00000)
  object space 966656K, 99% used [0x0000000080000000,0x00000000bafffe20,0x00000000bb000000)
 Metaspace       used 14466K, capacity 14855K, committed 15104K, reserved 16384K
Event: 216.068 GC heap after
Heap after GC invocations=41 (full 6):
 PSYoungGen      total 4777472K, used 164219K [0x0000000b2ab00000, 0x0000000c57c00000, 0x0000001080000000)
  eden space 4717568K, 3% used [0x0000000b2ab00000,0x0000000b34b5ee98,0x0000000c4aa00000)
  from space 59904K, 0% used [0x0000000c50700000,0x0000000c50700000,0x0000000c54180000)
  to   space 45056K, 0% used [0x0000000c55000000,0x0000000c55000000,0x0000000c57c00000)
 ParOldGen       total 966656K, used 966655K [0x0000000080000000, 0x00000000bb000000, 0x0000000b2ab00000)
  object space 966656K, 99% used [0x0000000080000000,0x00000000bafffe20,0x00000000bb000000)
 Metaspace       used 14466K, capacity 14855K, committed 15104K, reserved 16384K
}

